This is pdfTeX, Version 3.14159265-2.6-1.40.20 (TeX Live 2019) (preloaded format=pdflatex 2020.1.14)  22 JUN 2020 01:06
entering extended mode
 restricted \write18 enabled.
 %&-line parsing enabled.
**PS5_template.tex
(./PS5_template.tex
LaTeX2e <2019-10-01> patch level 3
(/usr/local/texlive/2019/texmf-dist/tex/latex/base/article.cls
Document Class: article 2019/10/25 v1.4k Standard LaTeX document class
(/usr/local/texlive/2019/texmf-dist/tex/latex/base/size10.clo
File: size10.clo 2019/10/25 v1.4k Standard LaTeX file (size option)
)
\c@part=\count80
\c@section=\count81
\c@subsection=\count82
\c@subsubsection=\count83
\c@paragraph=\count84
\c@subparagraph=\count85
\c@figure=\count86
\c@table=\count87
\abovecaptionskip=\skip41
\belowcaptionskip=\skip42
\bibindent=\dimen102
)
(/usr/local/texlive/2019/texmf-dist/tex/latex/preprint/fullpage.sty
Package: fullpage 1999/02/23 1.1 (PWD)
\FP@margin=\skip43
)
(/usr/local/texlive/2019/texmf-dist/tex/latex/amsmath/amsmath.sty
Package: amsmath 2019/11/16 v2.17d AMS math features
\@mathmargin=\skip44

For additional information on amsmath, use the `?' option.
(/usr/local/texlive/2019/texmf-dist/tex/latex/amsmath/amstext.sty
Package: amstext 2000/06/29 v2.01 AMS text

(/usr/local/texlive/2019/texmf-dist/tex/latex/amsmath/amsgen.sty
File: amsgen.sty 1999/11/30 v2.0 generic functions
\@emptytoks=\toks14
\ex@=\dimen103
))
(/usr/local/texlive/2019/texmf-dist/tex/latex/amsmath/amsbsy.sty
Package: amsbsy 1999/11/29 v1.2d Bold Symbols
\pmbraise@=\dimen104
)
(/usr/local/texlive/2019/texmf-dist/tex/latex/amsmath/amsopn.sty
Package: amsopn 2016/03/08 v2.02 operator names
)
\inf@bad=\count88
LaTeX Info: Redefining \frac on input line 227.
\uproot@=\count89
\leftroot@=\count90
LaTeX Info: Redefining \overline on input line 389.
\classnum@=\count91
\DOTSCASE@=\count92
LaTeX Info: Redefining \ldots on input line 486.
LaTeX Info: Redefining \dots on input line 489.
LaTeX Info: Redefining \cdots on input line 610.
\Mathstrutbox@=\box27
\strutbox@=\box28
\big@size=\dimen105
LaTeX Font Info:    Redeclaring font encoding OML on input line 733.
LaTeX Font Info:    Redeclaring font encoding OMS on input line 734.
\macc@depth=\count93
\c@MaxMatrixCols=\count94
\dotsspace@=\muskip10
\c@parentequation=\count95
\dspbrk@lvl=\count96
\tag@help=\toks15
\row@=\count97
\column@=\count98
\maxfields@=\count99
\andhelp@=\toks16
\eqnshift@=\dimen106
\alignsep@=\dimen107
\tagshift@=\dimen108
\tagwidth@=\dimen109
\totwidth@=\dimen110
\lineht@=\dimen111
\@envbody=\toks17
\multlinegap=\skip45
\multlinetaggap=\skip46
\mathdisplay@stack=\toks18
LaTeX Info: Redefining \[ on input line 2858.
LaTeX Info: Redefining \] on input line 2859.
)
(/usr/local/texlive/2019/texmf-dist/tex/latex/amsfonts/amssymb.sty
Package: amssymb 2013/01/14 v3.01 AMS font symbols

(/usr/local/texlive/2019/texmf-dist/tex/latex/amsfonts/amsfonts.sty
Package: amsfonts 2013/01/14 v3.01 Basic AMSFonts support
\symAMSa=\mathgroup4
\symAMSb=\mathgroup5
LaTeX Font Info:    Redeclaring math symbol \hbar on input line 98.
LaTeX Font Info:    Overwriting math alphabet `\mathfrak' in version `bold'
(Font)                  U/euf/m/n --> U/euf/b/n on input line 106.
))
(/usr/local/texlive/2019/texmf-dist/tex/latex/tools/verbatim.sty
Package: verbatim 2019/11/10 v1.5r LaTeX2e package for verbatim enhancements
\every@verbatim=\toks19
\verbatim@line=\toks20
\verbatim@in@stream=\read1
)
(/usr/local/texlive/2019/texmf-dist/tex/latex/enumitem/enumitem.sty
Package: enumitem 2019/06/20 v3.9 Customized lists
\enitkv@toks@=\toks21
\labelindent=\skip47
\enit@outerparindent=\dimen112
\enit@toks=\toks22
\enit@inbox=\box29
\enit@count@id=\count100
\enitdp@description=\count101
)
(/usr/local/texlive/2019/texmf-dist/tex/latex/graphics/graphicx.sty
Package: graphicx 2017/06/01 v1.1a Enhanced LaTeX Graphics (DPC,SPQR)

(/usr/local/texlive/2019/texmf-dist/tex/latex/graphics/keyval.sty
Package: keyval 2014/10/28 v1.15 key=value parser (DPC)
\KV@toks@=\toks23
)
(/usr/local/texlive/2019/texmf-dist/tex/latex/graphics/graphics.sty
Package: graphics 2019/11/01 v1.3d Standard LaTeX Graphics (DPC,SPQR)

(/usr/local/texlive/2019/texmf-dist/tex/latex/graphics/trig.sty
Package: trig 2016/01/03 v1.10 sin cos tan (DPC)
)
(/usr/local/texlive/2019/texmf-dist/tex/latex/graphics-cfg/graphics.cfg
File: graphics.cfg 2016/06/04 v1.11 sample graphics configuration
)
Package graphics Info: Driver file: pdftex.def on input line 105.

(/usr/local/texlive/2019/texmf-dist/tex/latex/graphics-def/pdftex.def
File: pdftex.def 2018/01/08 v1.0l Graphics/color driver for pdftex
))
\Gin@req@height=\dimen113
\Gin@req@width=\dimen114
)
(/usr/local/texlive/2019/texmf-dist/tex/latex/caption/subcaption.sty
Package: subcaption 2020/01/03 v1.3b Sub-captions (AR)

(/usr/local/texlive/2019/texmf-dist/tex/latex/caption/caption.sty
Package: caption 2020/01/03 v3.4h Customizing captions (AR)

(/usr/local/texlive/2019/texmf-dist/tex/latex/caption/caption3.sty
Package: caption3 2020/01/03 v1.8h caption3 kernel (AR)
Package caption3 Info: TeX engine: e-TeX on input line 61.
\captionmargin=\dimen115
\captionmargin@=\dimen116
\captionwidth=\dimen117
\caption@tempdima=\dimen118
\caption@indent=\dimen119
\caption@parindent=\dimen120
\caption@hangindent=\dimen121
Package caption Info: Standard document class detected.
)
\c@caption@flags=\count102
\c@continuedfloat=\count103
)
\c@subfigure=\count104
\c@subtable=\count105
)
(./PS5_template.aux)
\openout1 = `PS5_template.aux'.

LaTeX Font Info:    Checking defaults for OML/cmm/m/it on input line 3.
LaTeX Font Info:    ... okay on input line 3.
LaTeX Font Info:    Checking defaults for T1/cmr/m/n on input line 3.
LaTeX Font Info:    ... okay on input line 3.
LaTeX Font Info:    Checking defaults for OT1/cmr/m/n on input line 3.
LaTeX Font Info:    ... okay on input line 3.
LaTeX Font Info:    Checking defaults for OMS/cmsy/m/n on input line 3.
LaTeX Font Info:    ... okay on input line 3.
LaTeX Font Info:    Checking defaults for OMX/cmex/m/n on input line 3.
LaTeX Font Info:    ... okay on input line 3.
LaTeX Font Info:    Checking defaults for U/cmr/m/n on input line 3.
LaTeX Font Info:    ... okay on input line 3.

(/usr/local/texlive/2019/texmf-dist/tex/context/base/mkii/supp-pdf.mkii
[Loading MPS to PDF converter (version 2006.09.02).]
\scratchcounter=\count106
\scratchdimen=\dimen122
\scratchbox=\box30
\nofMPsegments=\count107
\nofMParguments=\count108
\everyMPshowfont=\toks24
\MPscratchCnt=\count109
\MPscratchDim=\dimen123
\MPnumerator=\count110
\makeMPintoPDFobject=\count111
\everyMPtoPDFconversion=\toks25
) (/usr/local/texlive/2019/texmf-dist/tex/latex/epstopdf-pkg/epstopdf-base.sty
Package: epstopdf-base 2019-12-09 v2.10 Base part for package epstopdf
Package epstopdf-base Info: Redefining graphics rule for `.eps' on input line 4
85.

(/usr/local/texlive/2019/texmf-dist/tex/latex/latexconfig/epstopdf-sys.cfg
File: epstopdf-sys.cfg 2010/07/13 v1.3 Configuration of (r)epstopdf for TeX Liv
e
))
Package caption Info: Begin \AtBeginDocument code.
Package caption Info: End \AtBeginDocument code.
LaTeX Font Info:    Trying to load font information for U+msa on input line 5.

(/usr/local/texlive/2019/texmf-dist/tex/latex/amsfonts/umsa.fd
File: umsa.fd 2013/01/14 v3.01 AMS symbols A
)
LaTeX Font Info:    Trying to load font information for U+msb on input line 5.

(/usr/local/texlive/2019/texmf-dist/tex/latex/amsfonts/umsb.fd
File: umsb.fd 2013/01/14 v3.01 AMS symbols B
)
<figures/pg.png, id=1, 1144.275pt x 451.6875pt>
File: figures/pg.png Graphic file (type png)
<use figures/pg.png>
Package pdftex.def Info: figures/pg.png  used on input line 21.
(pdftex.def)             Requested size: 366.17548pt x 144.54pt.

Overfull \hbox (84.31961pt too wide) in paragraph at lines 21--22
 [][] 
 []

<figures/newplot.png, id=3, 1144.275pt x 451.6875pt>
File: figures/newplot.png Graphic file (type png)
<use figures/newplot.png>
Package pdftex.def Info: figures/newplot.png  used on input line 27.
(pdftex.def)             Requested size: 366.17548pt x 144.54pt.

Overfull \hbox (84.31961pt too wide) in paragraph at lines 27--28
 [][] 
 []

File: figures/newplot.png Graphic file (type png)
<use figures/newplot.png>
Package pdftex.def Info: figures/newplot.png  used on input line 33.
(pdftex.def)             Requested size: 366.17548pt x 144.54pt.

Overfull \hbox (84.31961pt too wide) in paragraph at lines 33--34
 [][] 
 []

[1

{/usr/local/texlive/2019/texmf-var/fonts/map/pdftex/updmap/pdftex.map} <./figur
es/pg.png> <./figures/newplot.png>]
<figures/baseline.png, id=15, 1144.275pt x 451.6875pt>
File: figures/baseline.png Graphic file (type png)
<use figures/baseline.png>
Package pdftex.def Info: figures/baseline.png  used on input line 45.
(pdftex.def)             Requested size: 366.17548pt x 144.54pt.

Overfull \hbox (84.31961pt too wide) in paragraph at lines 45--46
 [][] 
 []

File: figures/newplot.png Graphic file (type png)
<use figures/newplot.png>
Package pdftex.def Info: figures/newplot.png  used on input line 51.
(pdftex.def)             Requested size: 366.17548pt x 144.54pt.

Overfull \hbox (84.31961pt too wide) in paragraph at lines 51--52
 [][] 
 []

File: figures/newplot.png Graphic file (type png)
<use figures/newplot.png>
Package pdftex.def Info: figures/newplot.png  used on input line 57.
(pdftex.def)             Requested size: 366.17548pt x 144.54pt.

Overfull \hbox (84.31961pt too wide) in paragraph at lines 57--58
 [][] 
 []

[2

 <./figures/baseline.png>]
<figures/clipper.png, id=20, 1144.275pt x 451.6875pt>
File: figures/clipper.png Graphic file (type png)
<use figures/clipper.png>
Package pdftex.def Info: figures/clipper.png  used on input line 67.
(pdftex.def)             Requested size: 366.17548pt x 144.54pt.

Overfull \hbox (84.31961pt too wide) in paragraph at lines 67--68
 [][] 
 []

File: figures/newplot.png Graphic file (type png)
<use figures/newplot.png>
Package pdftex.def Info: figures/newplot.png  used on input line 73.
(pdftex.def)             Requested size: 366.17548pt x 144.54pt.

Overfull \hbox (84.31961pt too wide) in paragraph at lines 73--74
 [][] 
 []

File: figures/newplot.png Graphic file (type png)
<use figures/newplot.png>
Package pdftex.def Info: figures/newplot.png  used on input line 79.
(pdftex.def)             Requested size: 366.17548pt x 144.54pt.

Overfull \hbox (84.31961pt too wide) in paragraph at lines 79--80
 [][] 
 []

[3

 <./figures/clipper.png>]
<figures/ppo_obj.png, id=25, 1144.275pt x 451.6875pt>
File: figures/ppo_obj.png Graphic file (type png)
<use figures/ppo_obj.png>
Package pdftex.def Info: figures/ppo_obj.png  used on input line 89.
(pdftex.def)             Requested size: 366.17548pt x 144.54pt.

Overfull \hbox (84.31961pt too wide) in paragraph at lines 89--90
 [][] 
 []

File: figures/newplot.png Graphic file (type png)
<use figures/newplot.png>
Package pdftex.def Info: figures/newplot.png  used on input line 95.
(pdftex.def)             Requested size: 366.17548pt x 144.54pt.

Overfull \hbox (84.31961pt too wide) in paragraph at lines 95--96
 [][] 
 []

File: figures/newplot.png Graphic file (type png)
<use figures/newplot.png>
Package pdftex.def Info: figures/newplot.png  used on input line 101.
(pdftex.def)             Requested size: 366.17548pt x 144.54pt.

Overfull \hbox (84.31961pt too wide) in paragraph at lines 101--102
 [][] 
 []

[4

 <./figures/ppo_obj.png>]
<figures/entropy.png, id=30, 1144.275pt x 451.6875pt>
File: figures/entropy.png Graphic file (type png)
<use figures/entropy.png>
Package pdftex.def Info: figures/entropy.png  used on input line 111.
(pdftex.def)             Requested size: 366.17548pt x 144.54pt.

Overfull \hbox (84.31961pt too wide) in paragraph at lines 111--112
 [][] 
 []

File: figures/newplot.png Graphic file (type png)
<use figures/newplot.png>
Package pdftex.def Info: figures/newplot.png  used on input line 117.
(pdftex.def)             Requested size: 366.17548pt x 144.54pt.

Overfull \hbox (84.31961pt too wide) in paragraph at lines 117--118
 [][] 
 []

File: figures/newplot.png Graphic file (type png)
<use figures/newplot.png>
Package pdftex.def Info: figures/newplot.png  used on input line 123.
(pdftex.def)             Requested size: 366.17548pt x 144.54pt.

Overfull \hbox (84.31961pt too wide) in paragraph at lines 123--124
 [][] 
 []

[5

 <./figures/entropy.png>]
<figures/gae.png, id=35, 1144.275pt x 451.6875pt>
File: figures/gae.png Graphic file (type png)
<use figures/gae.png>
Package pdftex.def Info: figures/gae.png  used on input line 133.
(pdftex.def)             Requested size: 366.17548pt x 144.54pt.

Overfull \hbox (84.31961pt too wide) in paragraph at lines 133--134
 [][] 
 []

File: figures/newplot.png Graphic file (type png)
<use figures/newplot.png>
Package pdftex.def Info: figures/newplot.png  used on input line 139.
(pdftex.def)             Requested size: 366.17548pt x 144.54pt.

Overfull \hbox (84.31961pt too wide) in paragraph at lines 139--140
 [][] 
 []

File: figures/newplot.png Graphic file (type png)
<use figures/newplot.png>
Package pdftex.def Info: figures/newplot.png  used on input line 145.
(pdftex.def)             Requested size: 366.17548pt x 144.54pt.

Overfull \hbox (84.31961pt too wide) in paragraph at lines 145--146
 [][] 
 []

[6

 <./figures/gae.png>]
File: figures/newplot.png Graphic file (type png)
<use figures/newplot.png>
Package pdftex.def Info: figures/newplot.png  used on input line 156.
(pdftex.def)             Requested size: 366.17548pt x 144.54pt.

Overfull \hbox (84.31961pt too wide) in paragraph at lines 156--157
 [][] 
 []

File: figures/newplot.png Graphic file (type png)
<use figures/newplot.png>
Package pdftex.def Info: figures/newplot.png  used on input line 162.
(pdftex.def)             Requested size: 366.17548pt x 144.54pt.

Overfull \hbox (84.31961pt too wide) in paragraph at lines 162--163
 [][] 
 []

File: figures/newplot.png Graphic file (type png)
<use figures/newplot.png>
Package pdftex.def Info: figures/newplot.png  used on input line 168.
(pdftex.def)             Requested size: 366.17548pt x 144.54pt.

Overfull \hbox (84.31961pt too wide) in paragraph at lines 168--169
 [][] 
 []

[7

]
<figures/mbppo.png, id=44, 1144.275pt x 451.6875pt>
File: figures/mbppo.png Graphic file (type png)
<use figures/mbppo.png>
Package pdftex.def Info: figures/mbppo.png  used on input line 178.
(pdftex.def)             Requested size: 366.17548pt x 144.54pt.

Overfull \hbox (84.31961pt too wide) in paragraph at lines 178--179
 [][] 
 []

File: figures/newplot.png Graphic file (type png)
<use figures/newplot.png>
Package pdftex.def Info: figures/newplot.png  used on input line 184.
(pdftex.def)             Requested size: 366.17548pt x 144.54pt.

Overfull \hbox (84.31961pt too wide) in paragraph at lines 184--185
 [][] 
 []

File: figures/newplot.png Graphic file (type png)
<use figures/newplot.png>
Package pdftex.def Info: figures/newplot.png  used on input line 190.
(pdftex.def)             Requested size: 366.17548pt x 144.54pt.

Overfull \hbox (84.31961pt too wide) in paragraph at lines 190--191
 [][] 
 []

[8

 <./figures/mbppo.png>]
File: figures/newplot.png Graphic file (type png)
<use figures/newplot.png>
Package pdftex.def Info: figures/newplot.png  used on input line 200.
(pdftex.def)             Requested size: 366.17548pt x 144.54pt.

Overfull \hbox (84.31961pt too wide) in paragraph at lines 200--201
 [][] 
 []

File: figures/newplot.png Graphic file (type png)
<use figures/newplot.png>
Package pdftex.def Info: figures/newplot.png  used on input line 206.
(pdftex.def)             Requested size: 366.17548pt x 144.54pt.

Overfull \hbox (84.31961pt too wide) in paragraph at lines 206--207
 [][] 
 []

File: figures/newplot.png Graphic file (type png)
<use figures/newplot.png>
Package pdftex.def Info: figures/newplot.png  used on input line 212.
(pdftex.def)             Requested size: 366.17548pt x 144.54pt.

Overfull \hbox (84.31961pt too wide) in paragraph at lines 212--213
 [][] 
 []

[9

]
File: figures/newplot.png Graphic file (type png)
<use figures/newplot.png>
Package pdftex.def Info: figures/newplot.png  used on input line 222.
(pdftex.def)             Requested size: 366.17548pt x 144.54pt.

Overfull \hbox (84.31961pt too wide) in paragraph at lines 222--223
 [][] 
 []

File: figures/newplot.png Graphic file (type png)
<use figures/newplot.png>
Package pdftex.def Info: figures/newplot.png  used on input line 228.
(pdftex.def)             Requested size: 366.17548pt x 144.54pt.

Overfull \hbox (84.31961pt too wide) in paragraph at lines 228--229
 [][] 
 []

File: figures/newplot.png Graphic file (type png)
<use figures/newplot.png>
Package pdftex.def Info: figures/newplot.png  used on input line 234.
(pdftex.def)             Requested size: 366.17548pt x 144.54pt.

Overfull \hbox (84.31961pt too wide) in paragraph at lines 234--235
 [][] 
 []

[10

]
<figures/meppo.png, id=55, 1144.275pt x 451.6875pt>
File: figures/meppo.png Graphic file (type png)
<use figures/meppo.png>
Package pdftex.def Info: figures/meppo.png  used on input line 245.
(pdftex.def)             Requested size: 366.17548pt x 144.54pt.

Overfull \hbox (84.31961pt too wide) in paragraph at lines 245--246
 [][] 
 []

File: figures/newplot.png Graphic file (type png)
<use figures/newplot.png>
Package pdftex.def Info: figures/newplot.png  used on input line 251.
(pdftex.def)             Requested size: 366.17548pt x 144.54pt.

Overfull \hbox (84.31961pt too wide) in paragraph at lines 251--252
 [][] 
 []

File: figures/newplot.png Graphic file (type png)
<use figures/newplot.png>
Package pdftex.def Info: figures/newplot.png  used on input line 257.
(pdftex.def)             Requested size: 366.17548pt x 144.54pt.

Overfull \hbox (84.31961pt too wide) in paragraph at lines 257--258
 [][] 
 []

[11

 <./figures/meppo.png>]
! Misplaced alignment tab character &.
<argument> 3A.1 &
                  3A.2 Extra Credits
l.263 \textbf{3A.1 & 3A.2 Extra Credits}
                                        [20 pts]
I can't figure out why you would want to use a tab mark
here. If you just want an ampersand, the remedy is
simple: Just type `I\&' now. But if some right brace
up above has ended a previous alignment prematurely,
you're probably due for more error messages, and you
might try typing `S' now just to see what is salvageable.

<figures/sac_cheetah.png, id=60, 462.528pt x 346.896pt>
File: figures/sac_cheetah.png Graphic file (type png)
<use figures/sac_cheetah.png>
Package pdftex.def Info: figures/sac_cheetah.png  used on input line 269.
(pdftex.def)             Requested size: 192.72186pt x 144.54pt.
<figures/ph_sac.png, id=61, 462.528pt x 346.896pt>
File: figures/ph_sac.png Graphic file (type png)
<use figures/ph_sac.png>
Package pdftex.def Info: figures/ph_sac.png  used on input line 275.
(pdftex.def)             Requested size: 192.72186pt x 144.54pt.
File: figures/ph_sac.png Graphic file (type png)
<use figures/ph_sac.png>
Package pdftex.def Info: figures/ph_sac.png  used on input line 281.
(pdftex.def)             Requested size: 192.72186pt x 144.54pt.
[12

 <./figures/sac_cheetah.png> <./figures/ph_sac.png>]
File: figures/ph_sac.png Graphic file (type png)
<use figures/ph_sac.png>
Package pdftex.def Info: figures/ph_sac.png  used on input line 292.
(pdftex.def)             Requested size: 192.72186pt x 144.54pt.
File: figures/ph_sac.png Graphic file (type png)
<use figures/ph_sac.png>
Package pdftex.def Info: figures/ph_sac.png  used on input line 298.
(pdftex.def)             Requested size: 192.72186pt x 144.54pt.
File: figures/ph_sac.png Graphic file (type png)
<use figures/ph_sac.png>
Package pdftex.def Info: figures/ph_sac.png  used on input line 304.
(pdftex.def)             Requested size: 192.72186pt x 144.54pt.
 [13

]
(./PS5_template.aux) ) 
Here is how much of TeX's memory you used:
 3733 strings out of 492163
 54265 string characters out of 6125291
 120771 words of memory out of 5000000
 8079 multiletter control sequences out of 15000+600000
 6551 words of font info for 26 fonts, out of 8000000 for 9000
 1141 hyphenation exceptions out of 8191
 48i,8n,46p,279b,457s stack positions out of 5000i,500n,10000p,200000b,80000s
</usr/local/texlive/2019/texmf-dist/fonts/type1/public/am
sfonts/cm/cmbx10.pfb></usr/local/texlive/2019/texmf-dist/fonts/type1/public/ams
fonts/cm/cmbx12.pfb></usr/local/texlive/2019/texmf-dist/fonts/type1/public/amsf
onts/cm/cmr10.pfb></usr/local/texlive/2019/texmf-dist/fonts/type1/public/amsfon
ts/cm/cmr9.pfb>
Output written on PS5_template.pdf (13 pages, 598933 bytes).
PDF statistics:
 86 PDF objects out of 1000 (max. 8388607)
 44 compressed objects within 1 object stream
 0 named destinations out of 1000 (max. 500000)
 56 words of extra memory for PDF output out of 10000 (max. 10000000)

